C51 COMPILER V9.60.7.0   EXERCISE3_2                                                       01/08/2024 15:09:42 PAGE 1   


C51 COMPILER V9.60.7.0, COMPILATION OF MODULE EXERCISE3_2
OBJECT MODULE PLACED IN .\Objects\exercise3_2.obj
COMPILER INVOKED BY: D:\Keil_v5\C51\BIN\C51.EXE exercise3_2.c OPTIMIZE(8,SPEED) BROWSE DEBUG OBJECTEXTEND PRINT(.\Listin
                    -gs\exercise3_2.lst) TABS(2) OBJECT(.\Objects\exercise3_2.obj)

line level    source

   1          #include<reg52.h> // ‡∏î‡∏∂‡∏á library ‡πÄ‡∏û‡∏∑‡πà‡∏≠‡πÉ‡∏ä‡πâ‡∏Ñ‡∏ß‡∏ö‡∏Ñ‡∏∏‡∏° 8051
   2          #include<stdio.h>
   3          
   4          sfr CKCON = 0x8F; // ‡∏Å‡∏≥‡∏´‡∏ô‡∏î‡∏ï‡∏±‡∏ß‡πÅ‡∏õ‡∏£‡∏ä‡∏∑‡πà‡∏≠ CKCON ‡πÄ‡∏û‡∏∑‡πà‡∏≠‡πÉ‡∏ä‡πâ‡∏õ‡∏£‡∏±
             -‡∏ö‡∏Ñ‡∏ß‡∏≤‡∏°‡∏ñ‡∏µ‡πà clock
   5          
   6          void delayms(unsigned long); // ‡∏õ‡∏£‡∏∞‡∏Å‡∏≤‡∏® prototype function
   7          
   8          void main(){ // ‡∏ü‡∏±‡∏á‡∏Å‡πå‡∏ä‡∏±‡∏ô‡∏´‡∏•‡∏±‡∏Å
   9   1        CKCON = 0x01; // ‡∏ï‡∏±‡πâ‡∏á‡∏Ñ‡πà‡∏≤‡∏Ñ‡∏ß‡∏≤‡∏°‡∏ñ‡∏µ‡πà clock ‡πÉ‡∏´‡πâ‡∏°‡∏µ‡∏Ñ‡πà‡∏≤‡∏°‡∏≤‡∏Å‡∏Å‡∏ß
             -‡πà‡∏≤‡∏õ‡∏Å‡∏ï‡∏¥ 2 ‡πÄ‡∏ó‡πà‡∏≤ (58.9824)
  10   1        P2 = 0x00; // ‡πÄ‡∏ã‡πá‡∏ï port P2 ‡πÉ‡∏´‡πâ‡πÄ‡∏ó‡πà‡∏≤‡∏Å‡∏±‡∏ö 0 ‡∏ó‡∏∏‡∏Å‡∏ö‡∏¥‡∏ï
  11   1        while (1){ // infinite loop
  12   2          TMOD = 0x61; // ‡∏ï‡∏±‡πâ‡∏á‡∏Ñ‡πà‡∏≤ timer mode ‡πÉ‡∏´‡πâ‡πÉ‡∏ä‡πâ counter 1 mode 2 ‡πÅ‡∏•‡∏∞ timer 0 m
             -ode 1
  13   2          TH1 = 0x9B; // ‡∏ï‡∏±‡πâ‡∏á‡∏Ñ‡πà‡∏≤‡πÄ‡∏ß‡∏•‡∏≤
  14   2          // 9B = 155 = 2**8-155 = delay 100 mc
  15   2          TF1 = 0; // clear timer flag
  16   2          TR1 = 1; // ‡πÄ‡∏õ‡∏¥‡∏î‡πÉ‡∏ä‡πâ timer 1
  17   2          while (!TF1){
  18   3            // ‡πÄ‡∏ä‡πá‡∏Ñ‡∏ß‡πà‡∏≤‡πÄ‡∏Å‡∏¥‡∏î overflow ‡∏£‡∏∂‡∏¢‡∏±‡∏á ‡∏ñ‡πâ‡∏≤‡∏¢‡∏±‡∏á‡πÉ‡∏´‡πâ‡∏•‡∏π‡∏õ‡∏à‡∏
             -ô‡∏Å‡∏ß‡πà‡∏≤‡∏à‡∏∞‡πÄ‡∏Å‡∏¥‡∏î overflow
  19   3          }
  20   2          TF1 = 0; // clear timer flag
  21   2          TR1 = 0; // ‡∏õ‡∏¥‡∏î‡∏Å‡∏≤‡∏£‡πÉ‡∏ä‡πâ‡∏á‡∏≤‡∏ô timer 1
  22   2          P2 = 0x01; // ‡πÄ‡∏ã‡πá‡∏ï port P2 ‡πÉ‡∏´‡πâ‡πÄ‡∏ó‡πà‡∏≤‡∏Å‡∏±‡∏ö 00000001
  23   2          delayms(1000); // ‡∏ï‡∏±‡πâ‡∏á‡∏Ñ‡πà‡∏≤ delay
  24   2          P2 = 0x00; // ‡πÄ‡∏ã‡πá‡∏ï port P2 ‡πÉ‡∏´‡πâ‡πÄ‡∏ó‡πà‡∏≤‡∏Å‡∏±‡∏ö 0 ‡∏ó‡∏∏‡∏Å‡∏ö‡∏¥‡∏ï
  25   2          delayms(1000); // ‡∏ï‡∏±‡πâ‡∏á‡∏Ñ‡πà‡∏≤ delay
  26   2        }
  27   1      }
  28          
  29          void delayms(unsigned long i){ // ‡∏ü‡∏±‡∏á‡∏Å‡πå‡∏ä‡∏±‡∏ô delay
  30   1        while (i>0){ // ‡∏ß‡∏ô‡∏•‡∏π‡∏õ‡∏à‡∏ô‡∏Å‡∏ß‡πà‡∏≤‡∏Ñ‡πà‡∏≤ i ‡∏à‡∏∞‡πÄ‡∏ó‡πà‡∏≤‡∏Å‡∏±‡∏ö 0
  31   2          // EC77 = 60535 = delay 5000 machine cycle
  32   2          TH0 = 0xEC; // ‡∏ï‡∏±‡πâ‡∏á‡∏Ñ‡πà‡∏≤‡πÄ‡∏ß‡∏•‡∏≤
  33   2          TL0 = 0x77; // ‡∏ï‡∏±‡πâ‡∏á‡∏Ñ‡πà‡∏≤‡πÄ‡∏ß‡∏•‡∏≤
  34   2          TF0 = 0; // clear timer flag
  35   2          TR0 = 1; // ‡πÄ‡∏õ‡∏¥‡∏î‡πÉ‡∏ä‡πâ timer 0
  36   2          while (!TF0){
  37   3            // ‡πÄ‡∏ä‡πá‡∏Ñ‡∏ß‡πà‡∏≤‡πÄ‡∏Å‡∏¥‡∏î overflow ‡∏£‡∏∂‡∏¢‡∏±‡∏á ‡∏ñ‡πâ‡∏≤‡∏¢‡∏±‡∏á‡πÉ‡∏´‡πâ‡∏•‡∏π‡∏õ‡∏à‡∏
             -ô‡∏Å‡∏ß‡πà‡∏≤‡∏à‡∏∞‡πÄ‡∏Å‡∏¥‡∏î overflow
  38   3          }
  39   2          TF0 = 0; // clear timer flag
  40   2          TR0 = 0; // ‡∏õ‡∏¥‡∏î‡∏Å‡∏≤‡∏£‡πÉ‡∏ä‡πâ‡∏á‡∏≤‡∏ô timer 0
  41   2          i--; // ‡∏•‡∏î‡∏Ñ‡πà‡∏≤ i ‡∏•‡∏á 1
  42   2        }
  43   1        return ; // ‡πÑ‡∏°‡πà return ‡∏Ñ‡πà‡∏≤‡∏≠‡∏∞‡πÑ‡∏£‡∏Å‡∏•‡∏±‡∏ö‡πÑ‡∏õ
  44   1      }


MODULE INFORMATION:   STATIC OVERLAYABLE
   CODE SIZE        =    122    ----
   CONSTANT SIZE    =   ----    ----
C51 COMPILER V9.60.7.0   EXERCISE3_2                                                       01/08/2024 15:09:42 PAGE 2   

   XDATA SIZE       =   ----    ----
   PDATA SIZE       =   ----    ----
   DATA SIZE        =   ----       4
   IDATA SIZE       =   ----    ----
   BIT SIZE         =   ----    ----
END OF MODULE INFORMATION.


C51 COMPILATION COMPLETE.  0 WARNING(S),  0 ERROR(S)
