C51 COMPILER V9.60.7.0   LAB01_2                                                           12/24/2023 22:31:36 PAGE 1   


C51 COMPILER V9.60.7.0, COMPILATION OF MODULE LAB01_2
OBJECT MODULE PLACED IN .\Objects\lab01_2.obj
COMPILER INVOKED BY: D:\Keil_v5\C51\BIN\C51.EXE lab01_2.c OPTIMIZE(8,SPEED) BROWSE DEBUG OBJECTEXTEND PRINT(.\Listings\l
                    -ab01_2.lst) TABS(2) OBJECT(.\Objects\lab01_2.obj)

line level    source

   1          #include<reg52.h> // ‡∏î‡∏∂‡∏á library ‡πÄ‡∏û‡∏∑‡πà‡∏≠‡πÉ‡∏ä‡πâ‡∏Ñ‡∏ß‡∏ö‡∏Ñ‡∏∏‡∏° 8051
   2          
   3          sfr CKCON = 0x8F; // ‡∏Å‡∏≥‡∏´‡∏ô‡∏î‡∏ï‡∏±‡∏ß‡πÅ‡∏õ‡∏£‡∏ä‡∏∑‡πà‡∏≠ CKCON ‡πÄ‡∏û‡∏∑‡πà‡∏≠‡πÉ‡∏ä‡πâ‡∏õ‡∏£‡∏±
             -‡∏ö‡∏Ñ‡∏ß‡∏≤‡∏°‡∏ñ‡∏µ‡πà clock
   4          
   5          void delay(unsigned long); // ‡∏õ‡∏£‡∏∞‡∏Å‡∏≤‡∏® prototype function
   6          
   7          void main(){ // ‡∏ü‡∏±‡∏á‡∏Å‡πå‡∏ä‡∏±‡∏ô‡∏´‡∏•‡∏±‡∏Å
   8   1        unsigned int j; // ‡∏õ‡∏£‡∏∞‡∏Å‡∏≤‡∏®‡∏ï‡∏±‡∏ß‡πÅ‡∏õ‡∏£ j ‡πÄ‡∏õ‡πá‡∏ô‡∏à‡∏≥‡∏ô‡∏ß‡∏ô‡πÄ‡∏ï‡πá‡∏°‡∏ö‡∏ß‡∏
             -Å
   9   1        
  10   1        CKCON = 0x01; // ‡∏ï‡∏±‡πâ‡∏á‡∏Ñ‡πà‡∏≤‡∏Ñ‡∏ß‡∏≤‡∏°‡∏ñ‡∏µ‡πà clock ‡πÉ‡∏´‡πâ‡∏°‡∏µ‡∏Ñ‡πà‡∏≤‡∏°‡∏≤‡∏Å‡∏Å‡∏ß
             -‡πà‡∏≤‡∏õ‡∏Å‡∏ï‡∏¥ 2 ‡πÄ‡∏ó‡πà‡∏≤ (58.9824)
  11   1        
  12   1        P2 = 0x00; // ‡πÄ‡∏ã‡πá‡∏ï port P2 ‡πÉ‡∏´‡πâ‡πÄ‡∏ó‡πà‡∏≤‡∏Å‡∏±‡∏ö 0 ‡∏ó‡∏∏‡∏Å‡∏ö‡∏¥‡∏ï
  13   1        
  14   1        while (1){ // infinite loop
  15   2          for (j=0x01;j<=0x80;j<<=1){ // ‡∏Å‡∏≥‡∏´‡∏ô‡∏î‡πÉ‡∏´‡πâ j ‡πÄ‡∏•‡∏∑‡πà‡∏≠‡∏ô‡∏ö‡∏¥‡∏ï‡πÑ‡∏õ‡∏ó‡∏≤‡∏á‡∏ã‡
             -πâ‡∏≤‡∏¢‡∏ó‡∏µ‡∏•‡∏∞‡∏ö‡∏¥‡∏ï
  16   3            P2 = j; // ‡∏Å‡∏≥‡∏´‡∏ô‡∏î‡πÉ‡∏´‡πâ P2 ‡πÄ‡∏ó‡πà‡∏≤‡∏Å‡∏±‡∏ö j
  17   3            delay(5000); // ‡∏ï‡∏±‡πâ‡∏á‡∏Ñ‡πà‡∏≤ delay
  18   3          }
  19   2        }
  20   1      }
  21          
  22          void delay(unsigned long i){ // ‡∏ü‡∏±‡∏á‡∏Å‡πå‡∏ä‡∏±‡πà‡∏ô delay
  23   1        while (i>0){i--;} // ‡∏ß‡∏ô‡∏•‡∏π‡∏õ‡∏à‡∏ô‡∏Å‡∏ß‡πà‡∏≤‡∏Ñ‡πà‡∏≤ i ‡∏à‡∏∞‡πÄ‡∏ó‡πà‡∏≤‡∏Å‡∏±‡∏ö 0
  24   1        return ; // ‡πÑ‡∏°‡πà return ‡∏Ñ‡πà‡∏≤‡∏≠‡∏∞‡πÑ‡∏£‡∏Å‡∏•‡∏±‡∏ö‡πÑ‡∏õ
  25   1      }


MODULE INFORMATION:   STATIC OVERLAYABLE
   CODE SIZE        =    104    ----
   CONSTANT SIZE    =   ----    ----
   XDATA SIZE       =   ----    ----
   PDATA SIZE       =   ----    ----
   DATA SIZE        =   ----       6
   IDATA SIZE       =   ----    ----
   BIT SIZE         =   ----    ----
END OF MODULE INFORMATION.


C51 COMPILATION COMPLETE.  0 WARNING(S),  0 ERROR(S)
