C51 COMPILER V9.60.7.0   EXERCISE3_1                                                       01/05/2024 01:49:43 PAGE 1   


C51 COMPILER V9.60.7.0, COMPILATION OF MODULE EXERCISE3_1
OBJECT MODULE PLACED IN .\Objects\exercise3_1.obj
COMPILER INVOKED BY: D:\Keil_v5\C51\BIN\C51.EXE exercise3_1.c OPTIMIZE(8,SPEED) BROWSE DEBUG OBJECTEXTEND PRINT(.\Listin
                    -gs\exercise3_1.lst) TABS(2) OBJECT(.\Objects\exercise3_1.obj)

line level    source

   1          #include<reg52.h> // ‡∏î‡∏∂‡∏á library ‡πÄ‡∏û‡∏∑‡πà‡∏≠‡πÉ‡∏ä‡πâ‡∏Ñ‡∏ß‡∏ö‡∏Ñ‡∏∏‡∏° 8051
   2          
   3          sfr CKCON = 0x8F; // ‡∏Å‡∏≥‡∏´‡∏ô‡∏î‡∏ï‡∏±‡∏ß‡πÅ‡∏õ‡∏£‡∏ä‡∏∑‡πà‡∏≠ CKCON ‡πÄ‡∏û‡∏∑‡πà‡∏≠‡πÉ‡∏ä‡πâ‡∏õ‡∏£‡∏±
             -‡∏ö‡∏Ñ‡∏ß‡∏≤‡∏°‡∏ñ‡∏µ‡πà clock
   4          
   5          void delay(unsigned long); // ‡∏õ‡∏£‡∏∞‡∏Å‡∏≤‡∏® prototype function
   6          
   7          void main(){ // ‡∏ü‡∏±‡∏á‡∏Å‡πå‡∏ä‡∏±‡∏ô‡∏´‡∏•‡∏±‡∏Å
   8   1        CKCON = 0x01; // ‡∏ï‡∏±‡πâ‡∏á‡∏Ñ‡πà‡∏≤‡∏Ñ‡∏ß‡∏≤‡∏°‡∏ñ‡∏µ‡πà clock ‡πÉ‡∏´‡πâ‡∏°‡∏µ‡∏Ñ‡πà‡∏≤‡∏°‡∏≤‡∏Å‡∏Å‡∏ß
             -‡πà‡∏≤‡∏õ‡∏Å‡∏ï‡∏¥ 2 ‡πÄ‡∏ó‡πà‡∏≤ (58.9824)
   9   1        P2 = 0x00; // ‡πÄ‡∏ã‡πá‡∏ï port P2 ‡πÉ‡∏´‡πâ‡πÄ‡∏ó‡πà‡∏≤‡∏Å‡∏±‡∏ö 0 ‡∏ó‡∏∏‡∏Å‡∏ö‡∏¥‡∏ï
  10   1        while (1){ // infinite loop
  11   2          TMOD = 0x60; // ‡∏ï‡∏±‡πâ‡∏á‡∏Ñ‡πà‡∏≤ timer mode ‡πÉ‡∏´‡πâ‡πÉ‡∏ä‡πâ counter 1 mode 2
  12   2          TH1 = 0x9B; // ‡∏ï‡∏±‡πâ‡∏á‡∏Ñ‡πà‡∏≤‡πÄ‡∏ß‡∏•‡∏≤
  13   2          // 9B = 155 = 2**8-155 = delay 100 mc
  14   2          TF1 = 0; // clear timer flag
  15   2          TR1 = 1; // ‡πÄ‡∏õ‡∏¥‡∏î‡πÉ‡∏ä‡πâ timer 1
  16   2          while (!TF1){
  17   3            // ‡πÄ‡∏ä‡πá‡∏Ñ‡∏ß‡πà‡∏≤‡πÄ‡∏Å‡∏¥‡∏î overflow ‡∏£‡∏∂‡∏¢‡∏±‡∏á ‡∏ñ‡πâ‡∏≤‡∏¢‡∏±‡∏á‡πÉ‡∏´‡πâ‡∏•‡∏π‡∏õ‡∏à‡∏
             -ô‡∏Å‡∏ß‡πà‡∏≤‡∏à‡∏∞‡πÄ‡∏Å‡∏¥‡∏î overflow
  18   3          }
  19   2          TF1 = 0; // clear timer flag
  20   2          TR1 = 0; // ‡∏õ‡∏¥‡∏î‡∏Å‡∏≤‡∏£‡πÉ‡∏ä‡πâ‡∏á‡∏≤‡∏ô timer 1
  21   2          P2 = 0x01; // ‡πÄ‡∏ã‡πá‡∏ï port P2 ‡πÉ‡∏´‡πâ‡πÄ‡∏ó‡πà‡∏≤‡∏Å‡∏±‡∏ö 00000001
  22   2          delay(10000); // ‡∏ï‡∏±‡πâ‡∏á‡∏Ñ‡πà‡∏≤ delay
  23   2          P2 = 0x00; // ‡πÄ‡∏ã‡πá‡∏ï port P2 ‡πÉ‡∏´‡πâ‡πÄ‡∏ó‡πà‡∏≤‡∏Å‡∏±‡∏ö 0 ‡∏ó‡∏∏‡∏Å‡∏ö‡∏¥‡∏ï
  24   2          delay(10000); // ‡∏ï‡∏±‡πâ‡∏á‡∏Ñ‡πà‡∏≤ delay
  25   2        }
  26   1      }
  27          
  28          void delay(unsigned long i){ // ‡∏ü‡∏±‡∏á‡∏Å‡πå‡∏ä‡∏±‡∏ô delay
  29   1        while (i>0){ // ‡∏ß‡∏ô‡∏•‡∏π‡∏õ‡∏à‡∏ô‡∏Å‡∏ß‡πà‡∏≤‡∏Ñ‡πà‡∏≤ i ‡∏à‡∏∞‡πÄ‡∏ó‡πà‡∏≤‡∏Å‡∏±‡∏ö 0
  30   2          i--; // ‡∏•‡∏î‡∏Ñ‡πà‡∏≤ i ‡∏•‡∏á 1
  31   2        }
  32   1        return ; // ‡πÑ‡∏°‡πà return ‡∏Ñ‡πà‡∏≤‡∏≠‡∏∞‡πÑ‡∏£‡∏Å‡∏•‡∏±‡∏ö‡πÑ‡∏õ
  33   1      }


MODULE INFORMATION:   STATIC OVERLAYABLE
   CODE SIZE        =    105    ----
   CONSTANT SIZE    =   ----    ----
   XDATA SIZE       =   ----    ----
   PDATA SIZE       =   ----    ----
   DATA SIZE        =   ----       4
   IDATA SIZE       =   ----    ----
   BIT SIZE         =   ----    ----
END OF MODULE INFORMATION.


C51 COMPILATION COMPLETE.  0 WARNING(S),  0 ERROR(S)
