C51 COMPILER V9.60.7.0   EXERCISE02_2                                                      12/25/2023 01:07:22 PAGE 1   


C51 COMPILER V9.60.7.0, COMPILATION OF MODULE EXERCISE02_2
OBJECT MODULE PLACED IN .\Objects\exercise02_2.obj
COMPILER INVOKED BY: D:\Keil_v5\C51\BIN\C51.EXE exercise02_2.c OPTIMIZE(8,SPEED) BROWSE DEBUG OBJECTEXTEND PRINT(.\Listi
                    -ngs\exercise02_2.lst) TABS(2) OBJECT(.\Objects\exercise02_2.obj)

line level    source

   1          #include<reg52.h> // ‡∏î‡∏∂‡∏á library ‡πÄ‡∏û‡∏∑‡πà‡∏≠‡πÉ‡∏ä‡πâ‡∏Ñ‡∏ß‡∏ö‡∏Ñ‡∏∏‡∏° 8051
   2          
   3          sfr CKCON = 0x8F; // ‡∏Å‡∏≥‡∏´‡∏ô‡∏î‡∏ï‡∏±‡∏ß‡πÅ‡∏õ‡∏£‡∏ä‡∏∑‡πà‡∏≠ CKCON ‡πÄ‡∏û‡∏∑‡πà‡∏≠‡πÉ‡∏ä‡πâ‡∏õ‡∏£‡∏±
             -‡∏ö‡∏Ñ‡∏ß‡∏≤‡∏°‡∏ñ‡∏µ‡πà clock
   4          
   5          sbit P0_0 = P0^0; // ‡∏õ‡∏£‡∏∞‡∏Å‡∏≤‡∏®‡∏ï‡∏±‡∏ß‡πÅ‡∏õ‡∏£ P0_0 ‡πÄ‡∏ó‡πà‡∏≤‡∏Å‡∏±‡∏ö port p0.0
   6          sbit P0_1 = P0^1; // ‡∏õ‡∏£‡∏∞‡∏Å‡∏≤‡∏®‡∏ï‡∏±‡∏ß‡πÅ‡∏õ‡∏£ P0_1 ‡πÄ‡∏ó‡πà‡∏≤‡∏Å‡∏±‡∏ö port p0.1
   7          sbit P0_2 = P0^2; // ‡∏õ‡∏£‡∏∞‡∏Å‡∏≤‡∏®‡∏ï‡∏±‡∏ß‡πÅ‡∏õ‡∏£ P0_2 ‡πÄ‡∏ó‡πà‡∏≤‡∏Å‡∏±‡∏ö port p0.2
   8          sbit P0_3 = P0^3; // ‡∏õ‡∏£‡∏∞‡∏Å‡∏≤‡∏®‡∏ï‡∏±‡∏ß‡πÅ‡∏õ‡∏£ P0_3 ‡πÄ‡∏ó‡πà‡∏≤‡∏Å‡∏±‡∏ö port p0.3
   9          sbit P0_4 = P0^4; // ‡∏õ‡∏£‡∏∞‡∏Å‡∏≤‡∏®‡∏ï‡∏±‡∏ß‡πÅ‡∏õ‡∏£ P0_4 ‡πÄ‡∏ó‡πà‡∏≤‡∏Å‡∏±‡∏ö port p0.4
  10          sbit P0_5 = P0^5; // ‡∏õ‡∏£‡∏∞‡∏Å‡∏≤‡∏®‡∏ï‡∏±‡∏ß‡πÅ‡∏õ‡∏£ P0_5 ‡πÄ‡∏ó‡πà‡∏≤‡∏Å‡∏±‡∏ö port p0.5
  11          sbit P0_6 = P0^6; // ‡∏õ‡∏£‡∏∞‡∏Å‡∏≤‡∏®‡∏ï‡∏±‡∏ß‡πÅ‡∏õ‡∏£ P0_6 ‡πÄ‡∏ó‡πà‡∏≤‡∏Å‡∏±‡∏ö port p0.6
  12          sbit P0_7 = P0^7; // ‡∏õ‡∏£‡∏∞‡∏Å‡∏≤‡∏®‡∏ï‡∏±‡∏ß‡πÅ‡∏õ‡∏£ P0_7 ‡πÄ‡∏ó‡πà‡∏≤‡∏Å‡∏±‡∏ö port p0.7
  13          
  14          unsigned int baseDelayTime = 10000; // ‡∏Å‡∏≥‡∏´‡∏ô‡∏î‡∏ï‡∏±‡∏ß‡πÅ‡∏õ‡∏£ baseDelayTime
  15          unsigned int delayTime; // ‡∏Å‡∏≥‡∏´‡∏ô‡∏î‡∏ï‡∏±‡∏ß‡πÅ‡∏õ‡∏£ delayTime
  16          
  17          void delay(unsigned long); // ‡∏õ‡∏£‡∏∞‡∏Å‡∏≤‡∏® prototype function
  18          void blink(unsigned short); // ‡∏õ‡∏£‡∏∞‡∏Å‡∏≤‡∏® prototype function
  19          
  20          void main(){ // ‡∏ü‡∏±‡∏á‡∏Å‡πå‡∏ä‡∏±‡∏ô‡∏´‡∏•‡∏±‡∏Å
  21   1        unsigned int j; // ‡∏õ‡∏£‡∏∞‡∏Å‡∏≤‡∏®‡∏ï‡∏±‡∏ß‡πÅ‡∏õ‡∏£ j ‡πÄ‡∏õ‡πá‡∏ô‡∏à‡∏≥‡∏ô‡∏ß‡∏ô‡πÄ‡∏ï‡πá‡∏°‡∏ö‡∏ß‡∏
             -Å
  22   1        
  23   1        CKCON = 0x01; // ‡∏ï‡∏±‡πâ‡∏á‡∏Ñ‡πà‡∏≤‡∏Ñ‡∏ß‡∏≤‡∏°‡∏ñ‡∏µ‡πà clock ‡πÉ‡∏´‡πâ‡∏°‡∏µ‡∏Ñ‡πà‡∏≤‡∏°‡∏≤‡∏Å‡∏Å‡∏ß
             -‡πà‡∏≤‡∏õ‡∏Å‡∏ï‡∏¥ 2 ‡πÄ‡∏ó‡πà‡∏≤ (58.9824)
  24   1        
  25   1        P2 = 0x00; // ‡πÄ‡∏ã‡πá‡∏ï port P2 ‡πÉ‡∏´‡πâ‡πÄ‡∏ó‡πà‡∏≤‡∏Å‡∏±‡∏ö 0 ‡∏ó‡∏∏‡∏Å‡∏ö‡∏¥‡∏ï
  26   1        
  27   1        while (1){ // infinite loop
  28   2          if (P0_0 || P0_1){ // ‡πÄ‡∏°‡∏∑‡πà‡∏≠ P0_0 ‡∏´‡∏£‡∏∑‡∏≠ P0_1 ‡πÄ‡∏ó‡πà‡∏≤‡∏Å‡∏±‡∏ö 1
  29   3            for (j=0x01;j<=0x80;j<<=1){
  30   4              P2 = j; // ‡∏Å‡∏≥‡∏´‡∏ô‡∏î‡πÉ‡∏´‡πâ P2 ‡πÄ‡∏ó‡πà‡∏≤‡∏Å‡∏±‡∏ö j
  31   4              delay(50000); // ‡∏ï‡∏±‡πâ‡∏á‡∏Ñ‡πà‡∏≤ delay
  32   4            }
  33   3          }
  34   2          else if (P0_2 || P0_3){ // ‡πÄ‡∏°‡∏∑‡πà‡∏≠ P0_2 ‡∏´‡∏£‡∏∑‡∏≠ P0_3 ‡πÄ‡∏ó‡πà‡∏≤‡∏Å‡∏±‡∏ö 1
  35   3            for (j=0x80;j>=0x01;j>>=1){
  36   4              P2 = j; // ‡∏Å‡∏≥‡∏´‡∏ô‡∏î‡πÉ‡∏´‡πâ P2 ‡πÄ‡∏ó‡πà‡∏≤‡∏Å‡∏±‡∏ö j
  37   4              delay(50000); // ‡∏ï‡∏±‡πâ‡∏á‡∏Ñ‡πà‡∏≤ delay
  38   4            }
  39   3          }
  40   2          else if (P0_4 || P0_5){ // ‡πÄ‡∏°‡∏∑‡πà‡∏≠ P0_4 ‡∏´‡∏£‡∏∑‡∏≠ P0_5 ‡πÄ‡∏ó‡πà‡∏≤‡∏Å‡∏±‡∏ö 1
  41   3            blink(2); // ‡∏ó‡∏≥‡πÉ‡∏´‡πâ‡πÑ‡∏ü‡∏Å‡∏£‡∏∞‡∏û‡∏£‡∏¥‡∏ö 2 ‡∏Ñ‡∏£‡∏±‡πâ‡∏á
  42   3          }
  43   2          else if (P0_6 || P0_7){ // ‡πÄ‡∏°‡∏∑‡πà‡∏≠ P0_6 ‡∏´‡∏£‡∏∑‡∏≠ P0_7 ‡πÄ‡∏ó‡πà‡∏≤‡∏Å‡∏±‡∏ö 1
  44   3            blink(4); // ‡∏ó‡∏≥‡πÉ‡∏´‡πâ‡πÑ‡∏ü‡∏Å‡∏£‡∏∞‡∏û‡∏£‡∏¥‡∏ö 4 ‡∏Ñ‡∏£‡∏±‡πâ‡∏á
  45   3          }
  46   2        }
  47   1      }
  48          
  49          void delay(unsigned long i){ // ‡∏ü‡∏±‡∏á‡∏Å‡πå‡∏ä‡∏±‡πà‡∏ô delay
  50   1        while (i>0){i--;} // ‡∏ß‡∏ô‡∏•‡∏π‡∏õ‡∏à‡∏ô‡∏Å‡∏ß‡πà‡∏≤‡∏Ñ‡πà‡∏≤ i ‡∏à‡∏∞‡πÄ‡∏ó‡πà‡∏≤‡∏Å‡∏±‡∏ö 0
  51   1        return ; // ‡πÑ‡∏°‡πà return ‡∏Ñ‡πà‡∏≤‡∏≠‡∏∞‡πÑ‡∏£‡∏Å‡∏•‡∏±‡∏ö‡πÑ‡∏õ
C51 COMPILER V9.60.7.0   EXERCISE02_2                                                      12/25/2023 01:07:22 PAGE 2   

  52   1      }
  53          
  54          void blink(unsigned short i){ // ‡∏ü‡∏±‡∏á‡∏Å‡πå‡∏ä‡∏±‡∏ô delay
  55   1        while (i>0){ // ‡∏ß‡∏ô‡∏•‡∏π‡∏õ‡∏à‡∏ô‡∏Å‡∏ß‡πà‡∏≤‡∏Ñ‡πà‡∏≤ i ‡∏à‡∏∞‡πÄ‡∏ó‡πà‡∏≤‡∏Å‡∏±‡∏ö 0
  56   2          P2 = 0xFF; // ‡∏Å‡∏≥‡∏´‡∏ô‡∏î‡πÉ‡∏´‡πâ P2 ‡πÄ‡∏ó‡πà‡∏≤‡∏Å‡∏±‡∏ö FF ‡πÄ‡∏û‡∏∑‡πà‡∏≠‡πÉ‡∏´‡πâ‡πÑ‡∏ü‡∏ï‡∏¥‡
             -∏î‡∏ó‡∏±‡πâ‡∏á‡∏´‡∏°‡∏î
  57   2          delay(25000); // ‡∏ï‡∏±‡πâ‡∏á‡∏Ñ‡πà‡∏≤ delay
  58   2          P2 = 0x00; // ‡∏Å‡∏≥‡∏´‡∏ô‡∏î‡πÉ‡∏´‡πâ P2 ‡πÄ‡∏ó‡πà‡∏≤‡∏Å‡∏±‡∏ö FF ‡πÄ‡∏û‡∏∑‡πà‡∏≠‡πÉ‡∏´‡πâ‡πÑ‡∏ü‡∏î‡∏±‡
             -∏ö‡∏ó‡∏±‡πâ‡∏á‡∏´‡∏°‡∏î
  59   2          delay(25000); // ‡∏ï‡∏±‡πâ‡∏á‡∏Ñ‡πà‡∏≤ delay
  60   2          i--; // ‡∏•‡∏î‡∏Ñ‡πà‡∏≤ i
  61   2        }
  62   1        return ; // ‡πÑ‡∏°‡πà return ‡∏Ñ‡πà‡∏≤‡∏≠‡∏∞‡πÑ‡∏£‡∏Å‡∏•‡∏±‡∏ö‡πÑ‡∏õ
  63   1      }


MODULE INFORMATION:   STATIC OVERLAYABLE
   CODE SIZE        =    228    ----
   CONSTANT SIZE    =   ----    ----
   XDATA SIZE       =   ----    ----
   PDATA SIZE       =   ----    ----
   DATA SIZE        =      4       8
   IDATA SIZE       =   ----    ----
   BIT SIZE         =   ----    ----
END OF MODULE INFORMATION.


C51 COMPILATION COMPLETE.  0 WARNING(S),  0 ERROR(S)
