C51 COMPILER V9.60.7.0   LAB2_1                                                            12/24/2023 23:15:25 PAGE 1   


C51 COMPILER V9.60.7.0, COMPILATION OF MODULE LAB2_1
OBJECT MODULE PLACED IN .\Objects\lab2_1.obj
COMPILER INVOKED BY: D:\Keil_v5\C51\BIN\C51.EXE lab2_1.c OPTIMIZE(8,SPEED) BROWSE DEBUG OBJECTEXTEND PRINT(.\Listings\la
                    -b2_1.lst) TABS(2) OBJECT(.\Objects\lab2_1.obj)

line level    source

   1          #include<reg52.h> // ดึง library เพื่อใช้ควบคุม 8051
   2          
   3          sfr CKCON = 0x8F; // กำหนดตัวแปรชื่อ CKCON เพื่อใช้ปรั
             -บความถี่ clock
   4          
   5          sbit P0_0 = P0^0; // ประกาศตัวแปร P0_0 เท่ากับ port p0.0
   6          sbit P0_1 = P0^1; // ประกาศตัวแปร P0_1 เท่ากับ port p0.1
   7          sbit P0_2 = P0^2; // ประกาศตัวแปร P0_2 เท่ากับ port p0.2
   8          sbit P0_3 = P0^3; // ประกาศตัวแปร P0_3 เท่ากับ port p0.3
   9          sbit P0_4 = P0^4; // ประกาศตัวแปร P0_4 เท่ากับ port p0.4
  10          sbit P0_5 = P0^5; // ประกาศตัวแปร P0_5 เท่ากับ port p0.5
  11          sbit P0_6 = P0^6; // ประกาศตัวแปร P0_6 เท่ากับ port p0.6
  12          sbit P0_7 = P0^7; // ประกาศตัวแปร P0_7 เท่ากับ port p0.7
  13          
  14          sbit P2_0 = P2^0; // ประกาศตัวแปร P2_0 เท่ากับ port p2.0
  15          sbit P2_1 = P2^1; // ประกาศตัวแปร P2_1 เท่ากับ port p2.1
  16          sbit P2_2 = P2^2; // ประกาศตัวแปร P2_2 เท่ากับ port p2.2
  17          sbit P2_3 = P2^3; // ประกาศตัวแปร P2_3 เท่ากับ port p2.3
  18          sbit P2_4 = P2^4; // ประกาศตัวแปร P2_4 เท่ากับ port p2.4
  19          sbit P2_5 = P2^5; // ประกาศตัวแปร P2_5 เท่ากับ port p2.5
  20          sbit P2_6 = P2^6; // ประกาศตัวแปร P2_6 เท่ากับ port p2.6
  21          sbit P2_7 = P2^7; // ประกาศตัวแปร P2_7 เท่ากับ port p2.7
  22          
  23          void delay(unsigned long); // ประกาศ prototype function
  24          
  25          void main(){ // ฟังก์ชันหลัก
  26   1        CKCON = 0x01; // ตั้งค่าความถี่ clock ให้มีค่ามากกว
             -่าปกติ 2 เท่า (58.9824)
  27   1        
  28   1        P2 = 0x00; // เซ็ต port P2 ให้เท่ากับ 0 ทุกบิต
  29   1        
  30   1        while (1){ // infinite loop
  31   2          P2_0 = !P0_0; // กำหนดให้ตัวแปร P2_0 เท่ากับ not P0_0
  32   2          P2_1 = !P0_1; // กำหนดให้ตัวแปร P2_1 เท่ากับ not P0_1
  33   2          P2_2 = !P0_2; // กำหนดให้ตัวแปร P2_2 เท่ากับ not P0_2
  34   2          P2_3 = !P0_3; // กำหนดให้ตัวแปร P2_3 เท่ากับ not P0_3
  35   2          P2_4 = !P0_4; // กำหนดให้ตัวแปร P2_4 เท่ากับ not P0_4
  36   2          P2_5 = !P0_5; // กำหนดให้ตัวแปร P2_5 เท่ากับ not P0_5
  37   2          P2_6 = !P0_6; // กำหนดให้ตัวแปร P2_6 เท่ากับ not P0_6
  38   2          P2_7 = !P0_7; // กำหนดให้ตัวแปร P2_7 เท่ากับ not P0_7
  39   2        }
  40   1      }
  41          
  42          void delay(unsigned long i){ // ฟังก์ชั่น delay
  43   1        while (i>0){i--;} // วนลูปจนกว่าค่า i จะเท่ากับ 0
  44   1        return ; // ไม่ return ค่าอะไรกลับไป
  45   1      }


MODULE INFORMATION:   STATIC OVERLAYABLE
   CODE SIZE        =    102    ----
   CONSTANT SIZE    =   ----    ----
   XDATA SIZE       =   ----    ----
   PDATA SIZE       =   ----    ----
C51 COMPILER V9.60.7.0   LAB2_1                                                            12/24/2023 23:15:25 PAGE 2   

   DATA SIZE        =   ----       4
   IDATA SIZE       =   ----    ----
   BIT SIZE         =   ----    ----
END OF MODULE INFORMATION.


C51 COMPILATION COMPLETE.  0 WARNING(S),  0 ERROR(S)
