C51 COMPILER V9.60.7.0   LAB4_2                                                            01/05/2024 02:07:53 PAGE 1   


C51 COMPILER V9.60.7.0, COMPILATION OF MODULE LAB4_2
OBJECT MODULE PLACED IN .\Objects\lab4_2.obj
COMPILER INVOKED BY: D:\Keil_v5\C51\BIN\C51.EXE lab4_2.c OPTIMIZE(8,SPEED) BROWSE DEBUG OBJECTEXTEND PRINT(.\Listings\la
                    -b4_2.lst) TABS(2) OBJECT(.\Objects\lab4_2.obj)

line level    source

   1          #include<reg52.h> // ดึง library เพื่อใช้ควบคุม 8051
   2          #include<stdio.h> // ดึง library เพื่อใช้ส่งข้อความผ่าน 
             -serial port
   3          
   4          sfr CKCON = 0x8F; // กำหนดตัวแปรชื่อ CKCON เพื่อใช้ปรั
             -บความถี่ clock
   5          sbit sw0 = P0^0; // ประกาศตัวแปร sw0 เท่ากับ port p0.0
   6          sbit sw1 = P0^1; // ประกาศตัวแปร sw1 เท่ากับ port p0.1
   7          sbit sw2 = P0^2; // ประกาศตัวแปร sw2 เท่ากับ port p0.2
   8          sbit sw3 = P0^3; // ประกาศตัวแปร sw3 เท่ากับ port p0.3
   9          
  10          void delay(unsigned long); // ประกาศ prototype function
  11          
  12          void main(){ // ฟังก์ชันหลัก
  13   1        CKCON = 0x01; // ตั้งค่าความถี่ clock ให้มีค่ามากกว
             -่าปกติ 2 เท่า (58.9824)
  14   1        
  15   1        /*Initial MCS51 Serial Port */
  16   1        // (1) Reset old Timer1 Mode Config
  17   1        // (2) Update Timer1 = 8 Bit Auto Reload
  18   1        // (3) Serial Port Mode 1 (N,8,1)
  19   1        // (4) Disable Serial Interrupt
  20   1        // (5) Disable Timer1 Interrupt
  21   1        // (6) SMOD1 = 0 (Disable Double Baudrate)
  22   1        // (7) Setup Timer1 Baudrate
  23   1        // (8) 9600BPS / 58.9824 MHz
  24   1        // (9) Start Timer1 Generate Baudrate
  25   1        // (10) Set TI to send First char of UART
  26   1        
  27   1        TMOD &= 0x0F;
  28   1        TMOD |= 0x20;
  29   1        SCON = 0x50;
  30   1        ES = 0;
  31   1        ET1 = 0;
  32   1        PCON &= 0x7F;
  33   1        TH1 = 0xF0;
  34   1        TL1 = 0xF0;
  35   1        TR1 = 1;
  36   1        TI = 1;
  37   1        
  38   1        while (1){ // infinite loop
  39   2          if (sw0 == 0){ // ถ้า sw0 == 0
  40   3            printf("A"); // ส่งข้อความ A ผ่านทาง serial port
  41   3            delay(50000); // ตั้งค่า delay
  42   3          }
  43   2          else if (sw1 == 0){ // ถ้า sw1 == 0
  44   3            printf("B"); // ส่งข้อความ B ผ่านทาง serial port
  45   3            delay(50000); // ตั้งค่า delay
  46   3          }
  47   2          else if (sw2 == 0){ // ถ้า sw2 == 0
  48   3            printf("C"); // ส่งข้อความ C ผ่านทาง serial port
  49   3            delay(50000); // ตั้งค่า delay
  50   3          }
  51   2          else if (sw3 == 0){ // ถ้า sw3 == 0
C51 COMPILER V9.60.7.0   LAB4_2                                                            01/05/2024 02:07:53 PAGE 2   

  52   3            printf("D"); // ส่งข้อความ D ผ่านทาง serial port
  53   3            delay(50000); // ตั้งค่า delay
  54   3          }
  55   2        }
  56   1      }
  57          
  58          void delay(unsigned long i){ // ฟังก์ชัน delay
  59   1        while (i>0){ // วนลูปจนกว่าค่า i จะเท่ากับ 0
  60   2          i--; // ลดค่า i ลง 1
  61   2        }
  62   1        return ; // ไม่ return ค่าอะไรกลับไป
  63   1      }


MODULE INFORMATION:   STATIC OVERLAYABLE
   CODE SIZE        =    147    ----
   CONSTANT SIZE    =      8    ----
   XDATA SIZE       =   ----    ----
   PDATA SIZE       =   ----    ----
   DATA SIZE        =   ----       4
   IDATA SIZE       =   ----    ----
   BIT SIZE         =   ----    ----
END OF MODULE INFORMATION.


C51 COMPILATION COMPLETE.  0 WARNING(S),  0 ERROR(S)
