C51 COMPILER V9.60.7.0   LAB02_3                                                           12/24/2023 23:41:34 PAGE 1   


C51 COMPILER V9.60.7.0, COMPILATION OF MODULE LAB02_3
OBJECT MODULE PLACED IN .\Objects\lab02_3.obj
COMPILER INVOKED BY: D:\Keil_v5\C51\BIN\C51.EXE lab02_3.c OPTIMIZE(8,SPEED) BROWSE DEBUG OBJECTEXTEND PRINT(.\Listings\l
                    -ab02_3.lst) TABS(2) OBJECT(.\Objects\lab02_3.obj)

line level    source

   1          #include<reg52.h> // ‡∏î‡∏∂‡∏á library ‡πÄ‡∏û‡∏∑‡πà‡∏≠‡πÉ‡∏ä‡πâ‡∏Ñ‡∏ß‡∏ö‡∏Ñ‡∏∏‡∏° 8051
   2          
   3          sfr CKCON = 0x8F; // ‡∏Å‡∏≥‡∏´‡∏ô‡∏î‡∏ï‡∏±‡∏ß‡πÅ‡∏õ‡∏£‡∏ä‡∏∑‡πà‡∏≠ CKCON ‡πÄ‡∏û‡∏∑‡πà‡∏≠‡πÉ‡∏ä‡πâ‡∏õ‡∏£‡∏±
             -‡∏ö‡∏Ñ‡∏ß‡∏≤‡∏°‡∏ñ‡∏µ‡πà clock
   4          
   5          sbit sw0 = P3^2; // ‡∏Å‡∏≥‡∏´‡∏ô‡∏î‡πÉ‡∏´‡πâ‡∏ï‡∏±‡∏ß‡πÅ‡∏õ‡∏£ sw0 ‡πÄ‡∏ó‡πà‡∏≤‡∏Å‡∏±‡∏ö port 3.2
   6          sbit sw1 = P3^3; // ‡∏Å‡∏≥‡∏´‡∏ô‡∏î‡πÉ‡∏´‡πâ‡∏ï‡∏±‡∏ß‡πÅ‡∏õ‡∏£ sw1 ‡πÄ‡∏ó‡πà‡∏≤‡∏Å‡∏±‡∏ö port 3.3
   7          
   8          void delay(unsigned long); // ‡∏õ‡∏£‡∏∞‡∏Å‡∏≤‡∏® prototype function
   9          
  10          void main(){ // ‡∏ü‡∏±‡∏á‡∏Å‡πå‡∏ä‡∏±‡∏ô‡∏´‡∏•‡∏±‡∏Å
  11   1        unsigned int j; // ‡∏õ‡∏£‡∏∞‡∏Å‡∏≤‡∏®‡∏ï‡∏±‡∏ß‡πÅ‡∏õ‡∏£ j ‡πÄ‡∏õ‡πá‡∏ô‡∏à‡∏≥‡∏ô‡∏ß‡∏ô‡πÄ‡∏ï‡πá‡∏°‡∏ö‡∏ß‡∏
             -Å
  12   1        
  13   1        CKCON = 0x01; // ‡∏ï‡∏±‡πâ‡∏á‡∏Ñ‡πà‡∏≤‡∏Ñ‡∏ß‡∏≤‡∏°‡∏ñ‡∏µ‡πà clock ‡πÉ‡∏´‡πâ‡∏°‡∏µ‡∏Ñ‡πà‡∏≤‡∏°‡∏≤‡∏Å‡∏Å‡∏ß
             -‡πà‡∏≤‡∏õ‡∏Å‡∏ï‡∏¥ 2 ‡πÄ‡∏ó‡πà‡∏≤ (58.9824)
  14   1        
  15   1        P2 = 0x00; // ‡πÄ‡∏ã‡πá‡∏ï port P2 ‡πÉ‡∏´‡πâ‡πÄ‡∏ó‡πà‡∏≤‡∏Å‡∏±‡∏ö 0 ‡∏ó‡∏∏‡∏Å‡∏ö‡∏¥‡∏ï
  16   1        
  17   1        while (1){ // infinite loop
  18   2          if (sw0 == 0){ // ‡∏ñ‡πâ‡∏≤ sw0 ‡πÄ‡∏ó‡πà‡∏≤‡∏Å‡∏±‡∏ö 0
  19   3            for (j=0x01;j<=0x80;j<<=1){ // ‡∏Å‡∏≥‡∏´‡∏ô‡∏î‡πÉ‡∏´‡πâ j ‡πÄ‡∏•‡∏∑‡πà‡∏≠‡∏ô‡∏ö‡∏¥‡∏ï‡πÑ‡∏õ‡∏ó‡∏≤‡∏á‡∏ã
             -‡πâ‡∏≤‡∏¢‡∏ó‡∏µ‡∏•‡∏∞‡∏ö‡∏¥‡∏ï
  20   4              P2 = j; // ‡∏Å‡∏≥‡∏´‡∏ô‡∏î‡πÉ‡∏´‡πâ P2 ‡πÄ‡∏ó‡πà‡∏≤‡∏Å‡∏±‡∏ö j
  21   4              delay(50000); // ‡∏ï‡∏±‡πâ‡∏á‡∏Ñ‡πà‡∏≤ delay
  22   4            }
  23   3          }
  24   2          if (sw1 == 0){ // ‡∏ñ‡πâ‡∏≤ sw1 ‡πÄ‡∏ó‡πà‡∏≤‡∏Å‡∏±‡∏ö 0
  25   3            for (j=0x80;j>=0x01;j>>=1){ // ‡∏Å‡∏≥‡∏´‡∏ô‡∏î‡πÉ‡∏´‡πâ j ‡πÄ‡∏•‡∏∑‡πà‡∏≠‡∏ô‡∏ö‡∏¥‡∏ï‡πÑ‡∏õ‡∏ó‡∏≤‡∏á‡∏Ç
             -‡∏ß‡∏≤‡∏ó‡∏µ‡∏•‡∏∞‡∏ö‡∏¥‡∏ï
  26   4              P2 = j; // ‡∏Å‡∏≥‡∏´‡∏ô‡∏î‡πÉ‡∏´‡πâ P2 ‡πÄ‡∏ó‡πà‡∏≤‡∏Å‡∏±‡∏ö j
  27   4              delay(50000); // ‡∏ï‡∏±‡πâ‡∏á‡∏Ñ‡πà‡∏≤ delay
  28   4            }
  29   3          }
  30   2        }
  31   1      }
  32          
  33          void delay(unsigned long i){ // ‡∏ü‡∏±‡∏á‡∏Å‡πå‡∏ä‡∏±‡πà‡∏ô delay
  34   1        while (i>0){i--;} // ‡∏ß‡∏ô‡∏•‡∏π‡∏õ‡∏à‡∏ô‡∏Å‡∏ß‡πà‡∏≤‡∏Ñ‡πà‡∏≤ i ‡∏à‡∏∞‡πÄ‡∏ó‡πà‡∏≤‡∏Å‡∏±‡∏ö 0
  35   1        return ; // ‡πÑ‡∏°‡πà return ‡∏Ñ‡πà‡∏≤‡∏≠‡∏∞‡πÑ‡∏£‡∏Å‡∏•‡∏±‡∏ö‡πÑ‡∏õ
  36   1      }


MODULE INFORMATION:   STATIC OVERLAYABLE
   CODE SIZE        =    143    ----
   CONSTANT SIZE    =   ----    ----
   XDATA SIZE       =   ----    ----
   PDATA SIZE       =   ----    ----
   DATA SIZE        =   ----       6
   IDATA SIZE       =   ----    ----
   BIT SIZE         =   ----    ----
END OF MODULE INFORMATION.


C51 COMPILATION COMPLETE.  0 WARNING(S),  0 ERROR(S)
