C51 COMPILER V9.60.7.0   LAB01_1                                                           12/24/2023 22:17:14 PAGE 1   


C51 COMPILER V9.60.7.0, COMPILATION OF MODULE LAB01_1
OBJECT MODULE PLACED IN .\Objects\lab01_1.obj
COMPILER INVOKED BY: D:\Keil_v5\C51\BIN\C51.EXE lab01_1.c OPTIMIZE(8,SPEED) BROWSE DEBUG OBJECTEXTEND PRINT(.\Listings\l
                    -ab01_1.lst) TABS(2) OBJECT(.\Objects\lab01_1.obj)

line level    source

   1          #include<reg52.h> // ‡∏î‡∏∂‡∏á library ‡πÄ‡∏û‡∏∑‡πà‡∏≠‡πÉ‡∏ä‡πâ‡∏Ñ‡∏ß‡∏ö‡∏Ñ‡∏∏‡∏° 8051
   2          
   3          sfr CKCON = 0x8F; // ‡∏Å‡∏≥‡∏´‡∏ô‡∏î‡∏ï‡∏±‡∏ß‡πÅ‡∏õ‡∏£‡∏ä‡∏∑‡πà‡∏≠ CKCON ‡πÄ‡∏û‡∏∑‡πà‡∏≠‡πÉ‡∏ä‡πâ‡∏õ‡∏£‡∏±
             -‡∏ö‡∏Ñ‡∏ß‡∏≤‡∏°‡∏ñ‡∏µ‡πà clock
   4          
   5          void delay(unsigned long); // ‡∏õ‡∏£‡∏∞‡∏Å‡∏≤‡∏® prototype function
   6          
   7          void main(){ // ‡∏ü‡∏±‡∏á‡∏Å‡πå‡∏ä‡∏±‡∏ô‡∏´‡∏•‡∏±‡∏Å
   8   1        unsigned int j; // ‡∏õ‡∏£‡∏∞‡∏Å‡∏≤‡∏®‡∏ï‡∏±‡∏ß‡πÅ‡∏õ‡∏£ j ‡πÄ‡∏õ‡πá‡∏ô‡∏à‡∏≥‡∏ô‡∏ß‡∏ô‡πÄ‡∏ï‡πá‡∏°‡∏ö‡∏ß‡∏
             -Å
   9   1        
  10   1        CKCON = 0x01; // ‡∏ï‡∏±‡πâ‡∏á‡∏Ñ‡πà‡∏≤‡∏Ñ‡∏ß‡∏≤‡∏°‡∏ñ‡∏µ‡πà clock ‡πÉ‡∏´‡πâ‡∏°‡∏µ‡∏Ñ‡πà‡∏≤‡∏°‡∏≤‡∏Å‡∏Å‡∏ß
             -‡πà‡∏≤‡∏õ‡∏Å‡∏ï‡∏¥ 2 ‡πÄ‡∏ó‡πà‡∏≤ (58.9824)
  11   1        
  12   1        P2 = 0x00; // ‡πÄ‡∏ã‡πá‡∏ï port P2 ‡πÉ‡∏´‡πâ‡πÄ‡∏ó‡πà‡∏≤‡∏Å‡∏±‡∏ö 0 ‡∏ó‡∏∏‡∏Å‡∏ö‡∏¥‡∏ï
  13   1        
  14   1        while (1){ // infinite loop
  15   2          P2 = 0x01; // ‡πÄ‡∏ã‡πá‡∏ï‡πÉ‡∏´‡πâ P2 ‡∏ö‡∏¥‡∏ï‡∏ó‡∏µ‡πà 0 ‡πÄ‡∏ó‡πà‡∏≤‡∏Å‡∏±‡∏ö 1
  16   2          delay(50000); // ‡∏ï‡∏±‡πâ‡∏á‡∏Ñ‡πà‡∏≤ delay
  17   2          P2 = 0x02; // ‡πÄ‡∏ã‡πá‡∏ï‡πÉ‡∏´‡πâ P2 ‡∏ö‡∏¥‡∏ï‡∏ó‡∏µ‡πà 1 ‡πÄ‡∏ó‡πà‡∏≤‡∏Å‡∏±‡∏ö 1
  18   2          delay(50000); // ‡∏ï‡∏±‡πâ‡∏á‡∏Ñ‡πà‡∏≤ delay
  19   2          P2 = 0x04; // ‡πÄ‡∏ã‡πá‡∏ï‡πÉ‡∏´‡πâ P2 ‡∏ö‡∏¥‡∏ï‡∏ó‡∏µ‡πà 2 ‡πÄ‡∏ó‡πà‡∏≤‡∏Å‡∏±‡∏ö 1
  20   2          delay(50000); // ‡∏ï‡∏±‡πâ‡∏á‡∏Ñ‡πà‡∏≤ delay
  21   2          P2 = 0x08; // ‡πÄ‡∏ã‡πá‡∏ï‡πÉ‡∏´‡πâ P2 ‡∏ö‡∏¥‡∏ï‡∏ó‡∏µ‡πà 3 ‡πÄ‡∏ó‡πà‡∏≤‡∏Å‡∏±‡∏ö 1
  22   2          delay(50000); // ‡∏ï‡∏±‡πâ‡∏á‡∏Ñ‡πà‡∏≤ delay
  23   2          P2 = 0x10; // ‡πÄ‡∏ã‡πá‡∏ï‡πÉ‡∏´‡πâ P2 ‡∏ö‡∏¥‡∏ï‡∏ó‡∏µ‡πà 4 ‡πÄ‡∏ó‡πà‡∏≤‡∏Å‡∏±‡∏ö 1
  24   2          delay(50000); // ‡∏ï‡∏±‡πâ‡∏á‡∏Ñ‡πà‡∏≤ delay
  25   2          P2 = 0x20; // ‡πÄ‡∏ã‡πá‡∏ï‡πÉ‡∏´‡πâ P2 ‡∏ö‡∏¥‡∏ï‡∏ó‡∏µ‡πà 5 ‡πÄ‡∏ó‡πà‡∏≤‡∏Å‡∏±‡∏ö 1
  26   2          delay(50000); // ‡∏ï‡∏±‡πâ‡∏á‡∏Ñ‡πà‡∏≤ delay
  27   2          P2 = 0x40; // ‡πÄ‡∏ã‡πá‡∏ï‡πÉ‡∏´‡πâ P2 ‡∏ö‡∏¥‡∏ï‡∏ó‡∏µ‡πà 6 ‡πÄ‡∏ó‡πà‡∏≤‡∏Å‡∏±‡∏ö 1
  28   2          delay(50000); // ‡∏ï‡∏±‡πâ‡∏á‡∏Ñ‡πà‡∏≤ delay
  29   2          P2 = 0x80; // ‡πÄ‡∏ã‡πá‡∏ï‡πÉ‡∏´‡πâ P2 ‡∏ö‡∏¥‡∏ï‡∏ó‡∏µ‡πà 7 ‡πÄ‡∏ó‡πà‡∏≤‡∏Å‡∏±‡∏ö 1
  30   2          delay(50000); // ‡∏ï‡∏±‡πâ‡∏á‡∏Ñ‡πà‡∏≤ delay
  31   2        }
  32   1      }
*** WARNING C280 IN LINE 8 OF lab01_1.c: 'j': unreferenced local variable
  33          
  34          void delay(unsigned long i){ // ‡∏ü‡∏±‡∏á‡∏Å‡πå‡∏ä‡∏±‡πà‡∏ô delay
  35   1        while (i>0){i--;} // ‡∏ß‡∏ô‡∏•‡∏π‡∏õ‡∏à‡∏ô‡∏Å‡∏ß‡πà‡∏≤‡∏Ñ‡πà‡∏≤ i ‡∏à‡∏∞‡πÄ‡∏ó‡πà‡∏≤‡∏Å‡∏±‡∏ö 0
  36   1        return ; // ‡πÑ‡∏°‡πà return ‡∏Ñ‡πà‡∏≤‡∏≠‡∏∞‡πÑ‡∏£‡∏Å‡∏•‡∏±‡∏ö‡πÑ‡∏õ
  37   1      }


MODULE INFORMATION:   STATIC OVERLAYABLE
   CODE SIZE        =    118    ----
   CONSTANT SIZE    =   ----    ----
   XDATA SIZE       =   ----    ----
   PDATA SIZE       =   ----    ----
   DATA SIZE        =   ----       6
   IDATA SIZE       =   ----    ----
   BIT SIZE         =   ----    ----
END OF MODULE INFORMATION.


C51 COMPILATION COMPLETE.  1 WARNING(S),  0 ERROR(S)
