C51 COMPILER V9.60.7.0   EXERCISE2_1                                                       12/25/2023 00:29:18 PAGE 1   


C51 COMPILER V9.60.7.0, COMPILATION OF MODULE EXERCISE2_1
OBJECT MODULE PLACED IN .\Objects\exercise2_1.obj
COMPILER INVOKED BY: D:\Keil_v5\C51\BIN\C51.EXE exercise2_1.c OPTIMIZE(8,SPEED) BROWSE DEBUG OBJECTEXTEND PRINT(.\Listin
                    -gs\exercise2_1.lst) TABS(2) OBJECT(.\Objects\exercise2_1.obj)

line level    source

   1          #include<reg52.h> // ‡∏î‡∏∂‡∏á library ‡πÄ‡∏û‡∏∑‡πà‡∏≠‡πÉ‡∏ä‡πâ‡∏Ñ‡∏ß‡∏ö‡∏Ñ‡∏∏‡∏° 8051
   2          
   3          sfr CKCON = 0x8F; // ‡∏Å‡∏≥‡∏´‡∏ô‡∏î‡∏ï‡∏±‡∏ß‡πÅ‡∏õ‡∏£‡∏ä‡∏∑‡πà‡∏≠ CKCON ‡πÄ‡∏û‡∏∑‡πà‡∏≠‡πÉ‡∏ä‡πâ‡∏õ‡∏£‡∏±
             -‡∏ö‡∏Ñ‡∏ß‡∏≤‡∏°‡∏ñ‡∏µ‡πà clock
   4          
   5          sbit P0_0 = P0^0; // ‡∏õ‡∏£‡∏∞‡∏Å‡∏≤‡∏®‡∏ï‡∏±‡∏ß‡πÅ‡∏õ‡∏£ P0_0 ‡πÄ‡∏ó‡πà‡∏≤‡∏Å‡∏±‡∏ö port p0.0
   6          sbit P0_1 = P0^1; // ‡∏õ‡∏£‡∏∞‡∏Å‡∏≤‡∏®‡∏ï‡∏±‡∏ß‡πÅ‡∏õ‡∏£ P0_1 ‡πÄ‡∏ó‡πà‡∏≤‡∏Å‡∏±‡∏ö port p0.1
   7          sbit P0_2 = P0^2; // ‡∏õ‡∏£‡∏∞‡∏Å‡∏≤‡∏®‡∏ï‡∏±‡∏ß‡πÅ‡∏õ‡∏£ P0_2 ‡πÄ‡∏ó‡πà‡∏≤‡∏Å‡∏±‡∏ö port p0.2
   8          sbit P0_3 = P0^3; // ‡∏õ‡∏£‡∏∞‡∏Å‡∏≤‡∏®‡∏ï‡∏±‡∏ß‡πÅ‡∏õ‡∏£ P0_3 ‡πÄ‡∏ó‡πà‡∏≤‡∏Å‡∏±‡∏ö port p0.3
   9          sbit P0_4 = P0^4; // ‡∏õ‡∏£‡∏∞‡∏Å‡∏≤‡∏®‡∏ï‡∏±‡∏ß‡πÅ‡∏õ‡∏£ P0_4 ‡πÄ‡∏ó‡πà‡∏≤‡∏Å‡∏±‡∏ö port p0.4
  10          sbit P0_5 = P0^5; // ‡∏õ‡∏£‡∏∞‡∏Å‡∏≤‡∏®‡∏ï‡∏±‡∏ß‡πÅ‡∏õ‡∏£ P0_5 ‡πÄ‡∏ó‡πà‡∏≤‡∏Å‡∏±‡∏ö port p0.5
  11          sbit P0_6 = P0^6; // ‡∏õ‡∏£‡∏∞‡∏Å‡∏≤‡∏®‡∏ï‡∏±‡∏ß‡πÅ‡∏õ‡∏£ P0_6 ‡πÄ‡∏ó‡πà‡∏≤‡∏Å‡∏±‡∏ö port p0.6
  12          sbit P0_7 = P0^7; // ‡∏õ‡∏£‡∏∞‡∏Å‡∏≤‡∏®‡∏ï‡∏±‡∏ß‡πÅ‡∏õ‡∏£ P0_7 ‡πÄ‡∏ó‡πà‡∏≤‡∏Å‡∏±‡∏ö port p0.7
  13          
  14          unsigned int baseDelayTime = 10000; // ‡∏Å‡∏≥‡∏´‡∏ô‡∏î‡∏ï‡∏±‡∏ß‡πÅ‡∏õ‡∏£ baseDelayTime
  15          unsigned int delayTime; // ‡∏Å‡∏≥‡∏´‡∏ô‡∏î‡∏ï‡∏±‡∏ß‡πÅ‡∏õ‡∏£ delayTime
  16          
  17          void delay(unsigned long); // ‡∏õ‡∏£‡∏∞‡∏Å‡∏≤‡∏® prototype function
  18          
  19          void main(){ // ‡∏ü‡∏±‡∏á‡∏Å‡πå‡∏ä‡∏±‡∏ô‡∏´‡∏•‡∏±‡∏Å
  20   1        unsigned int j; // ‡∏õ‡∏£‡∏∞‡∏Å‡∏≤‡∏®‡∏ï‡∏±‡∏ß‡πÅ‡∏õ‡∏£ j ‡πÄ‡∏õ‡πá‡∏ô‡∏à‡∏≥‡∏ô‡∏ß‡∏ô‡πÄ‡∏ï‡πá‡∏°‡∏ö‡∏ß‡∏
             -Å
  21   1        
  22   1        CKCON = 0x01; // ‡∏ï‡∏±‡πâ‡∏á‡∏Ñ‡πà‡∏≤‡∏Ñ‡∏ß‡∏≤‡∏°‡∏ñ‡∏µ‡πà clock ‡πÉ‡∏´‡πâ‡∏°‡∏µ‡∏Ñ‡πà‡∏≤‡∏°‡∏≤‡∏Å‡∏Å‡∏ß
             -‡πà‡∏≤‡∏õ‡∏Å‡∏ï‡∏¥ 2 ‡πÄ‡∏ó‡πà‡∏≤ (58.9824)
  23   1        
  24   1        P2 = 0x00; // ‡πÄ‡∏ã‡πá‡∏ï port P2 ‡πÉ‡∏´‡πâ‡πÄ‡∏ó‡πà‡∏≤‡∏Å‡∏±‡∏ö 0 ‡∏ó‡∏∏‡∏Å‡∏ö‡∏¥‡∏ï
  25   1        
  26   1        while (1){ // infinite loop
  27   2          if (P0_0) delayTime = baseDelayTime*1; // P0_0 ‡πÄ‡∏ó‡πà‡∏≤‡∏Å‡∏±‡∏ö 1 ‡∏Å‡∏≥‡∏´‡∏ô‡∏î‡πÉ‡∏´‡πâ delayTim
             -e ‡πÄ‡∏ó‡πà‡∏≤‡∏Å‡∏±‡∏ö baseDelayTime*1
  28   2          else if (P0_1) delayTime = baseDelayTime*2; // P0_1 ‡πÄ‡∏ó‡πà‡∏≤‡∏Å‡∏±‡∏ö 1 ‡∏Å‡∏≥‡∏´‡∏ô‡∏î‡πÉ‡∏´‡πâ del
             -ayTime ‡πÄ‡∏ó‡πà‡∏≤‡∏Å‡∏±‡∏ö baseDelayTime*2
  29   2          else if (P0_2) delayTime = baseDelayTime*3; // P0_2 ‡πÄ‡∏ó‡πà‡∏≤‡∏Å‡∏±‡∏ö 1 ‡∏Å‡∏≥‡∏´‡∏ô‡∏î‡πÉ‡∏´‡πâ del
             -ayTime ‡πÄ‡∏ó‡πà‡∏≤‡∏Å‡∏±‡∏ö baseDelayTime*3
  30   2          else if (P0_3) delayTime = baseDelayTime*4; // P0_3 ‡πÄ‡∏ó‡πà‡∏≤‡∏Å‡∏±‡∏ö 1 ‡∏Å‡∏≥‡∏´‡∏ô‡∏î‡πÉ‡∏´‡πâ del
             -ayTime ‡πÄ‡∏ó‡πà‡∏≤‡∏Å‡∏±‡∏ö baseDelayTime*4
  31   2          else if (P0_4) delayTime = baseDelayTime*5; // P0_4 ‡πÄ‡∏ó‡πà‡∏≤‡∏Å‡∏±‡∏ö 1 ‡∏Å‡∏≥‡∏´‡∏ô‡∏î‡πÉ‡∏´‡πâ del
             -ayTime ‡πÄ‡∏ó‡πà‡∏≤‡∏Å‡∏±‡∏ö baseDelayTime*5
  32   2          else if (P0_5) delayTime = baseDelayTime*6; // P0_5 ‡πÄ‡∏ó‡πà‡∏≤‡∏Å‡∏±‡∏ö 1 ‡∏Å‡∏≥‡∏´‡∏ô‡∏î‡πÉ‡∏´‡πâ del
             -ayTime ‡πÄ‡∏ó‡πà‡∏≤‡∏Å‡∏±‡∏ö baseDelayTime*6
  33   2          else if (P0_6) delayTime = baseDelayTime*7; // P0_6 ‡πÄ‡∏ó‡πà‡∏≤‡∏Å‡∏±‡∏ö 1 ‡∏Å‡∏≥‡∏´‡∏ô‡∏î‡πÉ‡∏´‡πâ del
             -ayTime ‡πÄ‡∏ó‡πà‡∏≤‡∏Å‡∏±‡∏ö baseDelayTime*7
  34   2          else if (P0_7) delayTime = baseDelayTime*8; // P0_7 ‡πÄ‡∏ó‡πà‡∏≤‡∏Å‡∏±‡∏ö 1 ‡∏Å‡∏≥‡∏´‡∏ô‡∏î‡πÉ‡∏´‡πâ del
             -ayTime ‡πÄ‡∏ó‡πà‡∏≤‡∏Å‡∏±‡∏ö baseDelayTime*8
  35   2          
  36   2          for (j=0x01;j<=0x80;j<<=1){ // ‡∏Å‡∏≥‡∏´‡∏ô‡∏î‡πÉ‡∏´‡πâ j ‡πÄ‡∏•‡∏∑‡πà‡∏≠‡∏ô‡∏ö‡∏¥‡∏ï‡πÑ‡∏õ‡∏ó‡∏≤‡∏á‡∏ã‡
             -πâ‡∏≤‡∏¢‡∏ó‡∏µ‡∏•‡∏∞‡∏ö‡∏¥‡∏ï
  37   3            P2 = j; // ‡∏Å‡∏≥‡∏´‡∏ô‡∏î‡πÉ‡∏´‡πâ P2 ‡πÄ‡∏ó‡πà‡∏≤‡∏Å‡∏±‡∏ö j
  38   3            delay(delayTime); // ‡∏ï‡∏±‡πâ‡∏á‡∏Ñ‡πà‡∏≤ delay
  39   3          }
  40   2        }
  41   1      }
  42          
C51 COMPILER V9.60.7.0   EXERCISE2_1                                                       12/25/2023 00:29:18 PAGE 2   

  43          void delay(unsigned long i){ // ‡∏ü‡∏±‡∏á‡∏Å‡πå‡∏ä‡∏±‡πà‡∏ô delay
  44   1        while (i>0){i--;} // ‡∏ß‡∏ô‡∏•‡∏π‡∏õ‡∏à‡∏ô‡∏Å‡∏ß‡πà‡∏≤‡∏Ñ‡πà‡∏≤ i ‡∏à‡∏∞‡πÄ‡∏ó‡πà‡∏≤‡∏Å‡∏±‡∏ö 0
  45   1        return ; // ‡πÑ‡∏°‡πà return ‡∏Ñ‡πà‡∏≤‡∏≠‡∏∞‡πÑ‡∏£‡∏Å‡∏•‡∏±‡∏ö‡πÑ‡∏õ
  46   1      }


MODULE INFORMATION:   STATIC OVERLAYABLE
   CODE SIZE        =    230    ----
   CONSTANT SIZE    =   ----    ----
   XDATA SIZE       =   ----    ----
   PDATA SIZE       =   ----    ----
   DATA SIZE        =      4       6
   IDATA SIZE       =   ----    ----
   BIT SIZE         =   ----    ----
END OF MODULE INFORMATION.


C51 COMPILATION COMPLETE.  0 WARNING(S),  0 ERROR(S)
