C51 COMPILER V9.60.7.0   LAB3_1                                                            01/04/2024 20:14:26 PAGE 1   


C51 COMPILER V9.60.7.0, COMPILATION OF MODULE LAB3_1
OBJECT MODULE PLACED IN .\Objects\lab3_1.obj
COMPILER INVOKED BY: D:\Keil_v5\C51\BIN\C51.EXE lab3_1.c OPTIMIZE(8,SPEED) BROWSE DEBUG OBJECTEXTEND PRINT(.\Listings\la
                    -b3_1.lst) TABS(2) OBJECT(.\Objects\lab3_1.obj)

line level    source

   1          #include<reg52.h> // ‡∏î‡∏∂‡∏á library ‡πÄ‡∏û‡∏∑‡πà‡∏≠‡πÉ‡∏ä‡πâ‡∏Ñ‡∏ß‡∏ö‡∏Ñ‡∏∏‡∏° 8051
   2          
   3          sfr CKCON = 0x8F; // ‡∏Å‡∏≥‡∏´‡∏ô‡∏î‡∏ï‡∏±‡∏ß‡πÅ‡∏õ‡∏£‡∏ä‡∏∑‡πà‡∏≠ CKCON ‡πÄ‡∏û‡∏∑‡πà‡∏≠‡πÉ‡∏ä‡πâ‡∏õ‡∏£‡∏±
             -‡∏ö‡∏Ñ‡∏ß‡∏≤‡∏°‡∏ñ‡∏µ‡πà clock
   4          
   5          void delayms(unsigned long); // ‡∏õ‡∏£‡∏∞‡∏Å‡∏≤‡∏® prototype function
   6          
   7          void main(){ // ‡∏ü‡∏±‡∏á‡∏Å‡πå‡∏ä‡∏±‡∏ô‡∏´‡∏•‡∏±‡∏Å
   8   1        CKCON = 0x01; // ‡∏ï‡∏±‡πâ‡∏á‡∏Ñ‡πà‡∏≤‡∏Ñ‡∏ß‡∏≤‡∏°‡∏ñ‡∏µ‡πà clock ‡πÉ‡∏´‡πâ‡∏°‡∏µ‡∏Ñ‡πà‡∏≤‡∏°‡∏≤‡∏Å‡∏Å‡∏ß
             -‡πà‡∏≤‡∏õ‡∏Å‡∏ï‡∏¥ 2 ‡πÄ‡∏ó‡πà‡∏≤ (58.9824)
   9   1        P2 = 0x00; // ‡πÄ‡∏ã‡πá‡∏ï port P2 ‡πÉ‡∏´‡πâ‡πÄ‡∏ó‡πà‡∏≤‡∏Å‡∏±‡∏ö 0 ‡∏ó‡∏∏‡∏Å‡∏ö‡∏¥‡∏ï
  10   1        while (1){ // infinite loop
  11   2          P2 = 0x01; // ‡πÄ‡∏ã‡πá‡∏ï port P2 ‡πÉ‡∏´‡πâ‡πÄ‡∏ó‡πà‡∏≤‡∏Å‡∏±‡∏ö 00000001
  12   2          delayms(1000); // ‡∏ï‡∏±‡πâ‡∏á‡∏Ñ‡πà‡∏≤ delay
  13   2          P2 = 0x00; // ‡πÄ‡∏ã‡πá‡∏ï port P2 ‡πÉ‡∏´‡πâ‡πÄ‡∏ó‡πà‡∏≤‡∏Å‡∏±‡∏ö 0 ‡∏ó‡∏∏‡∏Å‡∏ö‡∏¥‡∏ï
  14   2          delayms(1000); // ‡∏ï‡∏±‡πâ‡∏á‡∏Ñ‡πà‡∏≤ delay
  15   2        }
  16   1      }
  17          
  18          void delayms(unsigned long i){ // ‡∏ü‡∏±‡∏á‡∏Å‡πå‡∏ä‡∏±‡∏ô delayms
  19   1        while (i>0){ // ‡∏ß‡∏ô‡∏•‡∏π‡∏õ‡∏à‡∏ô‡∏Å‡∏ß‡πà‡∏≤‡∏Ñ‡πà‡∏≤ i ‡∏à‡∏∞‡πÄ‡∏ó‡πà‡∏≤‡∏Å‡∏±‡∏ö 0
  20   2          TMOD = 0x01; // ‡∏ï‡∏±‡πâ‡∏á‡∏Ñ‡πà‡∏≤ timer mode ‡πÉ‡∏´‡πâ‡πÉ‡∏ä‡πâ timer 0 mode 1
  21   2          // EC77 = 60535 = delay 5000 clock cycle
  22   2          TH0 = 0xEC; // ‡∏ï‡∏±‡πâ‡∏á‡∏Ñ‡πà‡∏≤‡πÄ‡∏ß‡∏•‡∏≤
  23   2          TL0 = 0x77; // ‡∏ï‡∏±‡πâ‡∏á‡∏Ñ‡πà‡∏≤‡πÄ‡∏ß‡∏•‡∏≤
  24   2          TF0 = 0; // clear timer flag
  25   2          
  26   2          TR0 = 1; // ‡πÄ‡∏õ‡∏¥‡∏î‡πÉ‡∏ä‡πâ timer 0
  27   2          
  28   2          while (!TF0){
  29   3            // ‡πÄ‡∏ä‡πá‡∏Ñ‡∏ß‡πà‡∏≤‡πÄ‡∏Å‡∏¥‡∏î overflow ‡∏£‡∏∂‡∏¢‡∏±‡∏á ‡∏ñ‡πâ‡∏≤‡∏¢‡∏±‡∏á‡πÉ‡∏´‡πâ‡∏•‡∏π‡∏õ‡∏à‡∏
             -ô‡∏Å‡∏ß‡πà‡∏≤‡∏à‡∏∞‡πÄ‡∏Å‡∏¥‡∏î overflow
  30   3          }
  31   2          TR0 = 0; // ‡∏õ‡∏¥‡∏î‡∏Å‡∏≤‡∏£‡πÉ‡∏ä‡πâ‡∏á‡∏≤‡∏ô timer 0
  32   2          TF0 = 0; // clear timer flag
  33   2          i--; // ‡∏•‡∏î‡∏Ñ‡πà‡∏≤ i ‡∏•‡∏á 1
  34   2        }
  35   1        return ; // ‡πÑ‡∏°‡πà return ‡∏Ñ‡πà‡∏≤‡∏≠‡∏∞‡πÑ‡∏£‡∏Å‡∏•‡∏±‡∏ö‡πÑ‡∏õ
  36   1      }


MODULE INFORMATION:   STATIC OVERLAYABLE
   CODE SIZE        =    108    ----
   CONSTANT SIZE    =   ----    ----
   XDATA SIZE       =   ----    ----
   PDATA SIZE       =   ----    ----
   DATA SIZE        =   ----       4
   IDATA SIZE       =   ----    ----
   BIT SIZE         =   ----    ----
END OF MODULE INFORMATION.


C51 COMPILATION COMPLETE.  0 WARNING(S),  0 ERROR(S)
