C51 COMPILER V9.60.7.0   LAB3_2                                                            01/04/2024 20:47:43 PAGE 1   


C51 COMPILER V9.60.7.0, COMPILATION OF MODULE LAB3_2
OBJECT MODULE PLACED IN .\Objects\lab3_2.obj
COMPILER INVOKED BY: D:\Keil_v5\C51\BIN\C51.EXE lab3_2.c OPTIMIZE(8,SPEED) BROWSE DEBUG OBJECTEXTEND PRINT(.\Listings\la
                    -b3_2.lst) TABS(2) OBJECT(.\Objects\lab3_2.obj)

line level    source

   1          #include<reg52.h> // ‡∏î‡∏∂‡∏á library ‡πÄ‡∏û‡∏∑‡πà‡∏≠‡πÉ‡∏ä‡πâ‡∏Ñ‡∏ß‡∏ö‡∏Ñ‡∏∏‡∏° 8051
   2          
   3          sfr CKCON = 0x8F; // ‡∏Å‡∏≥‡∏´‡∏ô‡∏î‡∏ï‡∏±‡∏ß‡πÅ‡∏õ‡∏£‡∏ä‡∏∑‡πà‡∏≠ CKCON ‡πÄ‡∏û‡∏∑‡πà‡∏≠‡πÉ‡∏ä‡πâ‡∏õ‡∏£‡∏±
             -‡∏ö‡∏Ñ‡∏ß‡∏≤‡∏°‡∏ñ‡∏µ‡πà clock
   4          
   5          unsigned char j = 20; // ‡∏Å‡∏≥‡∏´‡∏ô‡∏î‡∏ï‡∏±‡∏ß‡πÅ‡∏õ‡∏£ j = 20
   6          
   7          void delayms(unsigned long); // ‡∏õ‡∏£‡∏∞‡∏Å‡∏≤‡∏® prototype function
   8          
   9          void main(){ // ‡∏ü‡∏±‡∏á‡∏Å‡πå‡∏ä‡∏±‡∏ô‡∏´‡∏•‡∏±‡∏Å
  10   1        CKCON = 0x01; // ‡∏ï‡∏±‡πâ‡∏á‡∏Ñ‡πà‡∏≤‡∏Ñ‡∏ß‡∏≤‡∏°‡∏ñ‡∏µ‡πà clock ‡πÉ‡∏´‡πâ‡∏°‡∏µ‡∏Ñ‡πà‡∏≤‡∏°‡∏≤‡∏Å‡∏Å‡∏ß
             -‡πà‡∏≤‡∏õ‡∏Å‡∏ï‡∏¥ 2 ‡πÄ‡∏ó‡πà‡∏≤ (58.9824)
  11   1        P2 = 0x00; // ‡πÄ‡∏ã‡πá‡∏ï port P2 ‡πÉ‡∏´‡πâ‡πÄ‡∏ó‡πà‡∏≤‡∏Å‡∏±‡∏ö 0 ‡∏ó‡∏∏‡∏Å‡∏ö‡∏¥‡∏ï
  12   1        while (1){ // infinite loop
  13   2          P2 = 0x01; // ‡πÄ‡∏ã‡πá‡∏ï port P2 ‡πÉ‡∏´‡πâ‡πÄ‡∏ó‡πà‡∏≤‡∏Å‡∏±‡∏ö 00000001
  14   2          delayms(1000); // ‡∏ï‡∏±‡πâ‡∏á‡∏Ñ‡πà‡∏≤ delay
  15   2          P2 = 0x00; // ‡πÄ‡∏ã‡πá‡∏ï port P2 ‡πÉ‡∏´‡πâ‡πÄ‡∏ó‡πà‡∏≤‡∏Å‡∏±‡∏ö 0 ‡∏ó‡∏∏‡∏Å‡∏ö‡∏¥‡∏ï
  16   2          delayms(1000); // ‡∏ï‡∏±‡πâ‡∏á‡∏Ñ‡πà‡∏≤ delay
  17   2        }
  18   1      }
  19          
  20          void delayms(unsigned long i){ // ‡∏ü‡∏±‡∏á‡∏Å‡πå‡∏ä‡∏±‡∏ô delayms
  21   1        TMOD = 0x20; // ‡∏ï‡∏±‡πâ‡∏á‡∏Ñ‡πà‡∏≤ timer mode ‡πÉ‡∏´‡πâ‡πÉ‡∏ä‡πâ timer 1 mode 2
  22   1        TH1 = 0x05; // ‡∏ï‡∏±‡πâ‡∏á‡∏Ñ‡πà‡∏≤‡πÄ‡∏ß‡∏•‡∏≤
  23   1        // 05 = 5 = 2**8-5 = delay 250 machine cycle
  24   1        while (i>0){ // ‡∏ß‡∏ô‡∏•‡∏π‡∏õ‡∏à‡∏ô‡∏Å‡∏ß‡πà‡∏≤‡∏Ñ‡πà‡∏≤ i ‡∏à‡∏∞‡πÄ‡∏ó‡πà‡∏≤‡∏Å‡∏±‡∏ö 0
  25   2          j = 20; // ‡∏Å‡∏≥‡∏´‡∏ô‡∏î‡πÉ‡∏´‡πâ j = 20
  26   2          // 250 mc * 20 = 5000 machine cycle
  27   2          while (j>0){ // ‡∏ß‡∏ô‡∏•‡∏π‡∏õ‡∏à‡∏ô‡∏Å‡∏ß‡πà‡∏≤‡∏Ñ‡πà‡∏≤ j ‡∏à‡∏∞‡πÄ‡∏ó‡πà‡∏≤‡∏Å‡∏±‡∏ö 0
  28   3            TF1 = 0; // clear timer flag
  29   3            TR1 = 1; // ‡πÄ‡∏õ‡∏¥‡∏î‡πÉ‡∏ä‡πâ timer 1
  30   3            while (!TF1){
  31   4              // ‡πÄ‡∏ä‡πá‡∏Ñ‡∏ß‡πà‡∏≤‡πÄ‡∏Å‡∏¥‡∏î overflow ‡∏£‡∏∂‡∏¢‡∏±‡∏á ‡∏ñ‡πâ‡∏≤‡∏¢‡∏±‡∏á‡πÉ‡∏´‡πâ‡∏•‡∏π‡∏õ‡∏à‡
             -∏ô‡∏Å‡∏ß‡πà‡∏≤‡∏à‡∏∞‡πÄ‡∏Å‡∏¥‡∏î overflow
  32   4            }
  33   3            TF1 = 0; // clear timer flag
  34   3            j--; // ‡∏•‡∏î‡∏Ñ‡πà‡∏≤ j ‡∏•‡∏á 1
  35   3          }
  36   2          i--; // ‡∏•‡∏î‡∏Ñ‡πà‡∏≤ i ‡∏•‡∏á 1
  37   2        }
  38   1        TR1 = 0; // ‡∏õ‡∏¥‡∏î‡∏Å‡∏≤‡∏£‡πÉ‡∏ä‡πâ‡∏á‡∏≤‡∏ô timer 1
  39   1        return ; // ‡πÑ‡∏°‡πà return ‡∏Ñ‡πà‡∏≤‡∏≠‡∏∞‡πÑ‡∏£‡∏Å‡∏•‡∏±‡∏ö‡πÑ‡∏õ
  40   1      }


MODULE INFORMATION:   STATIC OVERLAYABLE
   CODE SIZE        =    111    ----
   CONSTANT SIZE    =   ----    ----
   XDATA SIZE       =   ----    ----
   PDATA SIZE       =   ----    ----
   DATA SIZE        =      1       4
   IDATA SIZE       =   ----    ----
   BIT SIZE         =   ----    ----
END OF MODULE INFORMATION.

C51 COMPILER V9.60.7.0   LAB3_2                                                            01/04/2024 20:47:43 PAGE 2   


C51 COMPILATION COMPLETE.  0 WARNING(S),  0 ERROR(S)
