C51 COMPILER V9.60.7.0   LAB02_2                                                           12/24/2023 23:31:55 PAGE 1   


C51 COMPILER V9.60.7.0, COMPILATION OF MODULE LAB02_2
OBJECT MODULE PLACED IN .\Objects\lab02_2.obj
COMPILER INVOKED BY: D:\Keil_v5\C51\BIN\C51.EXE lab02_2.c OPTIMIZE(8,SPEED) BROWSE DEBUG OBJECTEXTEND PRINT(.\Listings\l
                    -ab02_2.lst) TABS(2) OBJECT(.\Objects\lab02_2.obj)

line level    source

   1          #include<reg52.h> // ดึง library เพื่อใช้ควบคุม 8051
   2          
   3          sfr CKCON = 0x8F; // กำหนดตัวแปรชื่อ CKCON เพื่อใช้ปรั
             -บความถี่ clock
   4          
   5          unsigned char portSW; // ประกาศตัวแปร portSW
   6          
   7          void delay(unsigned long); // ประกาศ prototype function
   8          
   9          void main(){ // ฟังก์ชันหลัก
  10   1        CKCON = 0x01; // ตั้งค่าความถี่ clock ให้มีค่ามากกว
             -่าปกติ 2 เท่า (58.9824)
  11   1        
  12   1        P2 = 0x00; // เซ็ต port P2 ให้เท่ากับ 0 ทุกบิต
  13   1        
  14   1        while (1){ // infinite loop
  15   2          P2 = ~P0; // กำหนดให้ P2 เท่ากับ not P0
  16   2        }
  17   1      }
  18          
  19          void delay(unsigned long i){ // ฟังก์ชั่น delay
  20   1        while (i>0){i--;} // วนลูปจนกว่าค่า i จะเท่ากับ 0
  21   1        return ; // ไม่ return ค่าอะไรกลับไป
  22   1      }


MODULE INFORMATION:   STATIC OVERLAYABLE
   CODE SIZE        =     67    ----
   CONSTANT SIZE    =   ----    ----
   XDATA SIZE       =   ----    ----
   PDATA SIZE       =   ----    ----
   DATA SIZE        =      1       4
   IDATA SIZE       =   ----    ----
   BIT SIZE         =   ----    ----
END OF MODULE INFORMATION.


C51 COMPILATION COMPLETE.  0 WARNING(S),  0 ERROR(S)
