C51 COMPILER V9.60.7.0   LAB3_3                                                            01/04/2024 21:22:41 PAGE 1   


C51 COMPILER V9.60.7.0, COMPILATION OF MODULE LAB3_3
OBJECT MODULE PLACED IN .\Objects\lab3_3.obj
COMPILER INVOKED BY: D:\Keil_v5\C51\BIN\C51.EXE lab3_3.c OPTIMIZE(8,SPEED) BROWSE DEBUG OBJECTEXTEND PRINT(.\Listings\la
                    -b3_3.lst) TABS(2) OBJECT(.\Objects\lab3_3.obj)

line level    source

   1          #include<reg52.h> // ‡∏î‡∏∂‡∏á library ‡πÄ‡∏û‡∏∑‡πà‡∏≠‡πÉ‡∏ä‡πâ‡∏Ñ‡∏ß‡∏ö‡∏Ñ‡∏∏‡∏° 8051
   2          
   3          sfr CKCON = 0x8F; // ‡∏Å‡∏≥‡∏´‡∏ô‡∏î‡∏ï‡∏±‡∏ß‡πÅ‡∏õ‡∏£‡∏ä‡∏∑‡πà‡∏≠ CKCON ‡πÄ‡∏û‡∏∑‡πà‡∏≠‡πÉ‡∏ä‡πâ‡∏õ‡∏£‡∏±
             -‡∏ö‡∏Ñ‡∏ß‡∏≤‡∏°‡∏ñ‡∏µ‡πà clock
   4          
   5          void delay(unsigned long); // ‡∏õ‡∏£‡∏∞‡∏Å‡∏≤‡∏® prototype function
   6          
   7          void main(){ // ‡∏ü‡∏±‡∏á‡∏Å‡πå‡∏ä‡∏±‡∏ô‡∏´‡∏•‡∏±‡∏Å
   8   1        CKCON = 0x01; // ‡∏ï‡∏±‡πâ‡∏á‡∏Ñ‡πà‡∏≤‡∏Ñ‡∏ß‡∏≤‡∏°‡∏ñ‡∏µ‡πà clock ‡πÉ‡∏´‡πâ‡∏°‡∏µ‡∏Ñ‡πà‡∏≤‡∏°‡∏≤‡∏Å‡∏Å‡∏ß
             -‡πà‡∏≤‡∏õ‡∏Å‡∏ï‡∏¥ 2 ‡πÄ‡∏ó‡πà‡∏≤ (58.9824)
   9   1        P2 = 0x00; // ‡πÄ‡∏ã‡πá‡∏ï port P2 ‡πÉ‡∏´‡πâ‡πÄ‡∏ó‡πà‡∏≤‡∏Å‡∏±‡∏ö 0 ‡∏ó‡∏∏‡∏Å‡∏ö‡∏¥‡∏ï
  10   1        while (1){ // infinite loop
  11   2          TMOD = 0x05; // ‡∏ï‡∏±‡πâ‡∏á‡∏Ñ‡πà‡∏≤ timer mode ‡πÉ‡∏´‡πâ‡πÉ‡∏ä‡πâ counter 0 mode 1
  12   2          TH0 = 0xFF; // ‡∏ï‡∏±‡πâ‡∏á‡∏Ñ‡πà‡∏≤‡πÄ‡∏ß‡∏•‡∏≤
  13   2          TL0 = 0x9B; // ‡∏ï‡∏±‡πâ‡∏á‡∏Ñ‡πà‡∏≤‡πÄ‡∏ß‡∏•‡∏≤
  14   2          // FF9B = 65435 = 2**16-65435 = delay 100 mc
  15   2          TF0 = 0; // clear timer flag
  16   2          TR0 = 1; // ‡πÄ‡∏õ‡∏¥‡∏î‡πÉ‡∏ä‡πâ timer 0
  17   2          while (!TF0){
  18   3            // ‡πÄ‡∏ä‡πá‡∏Ñ‡∏ß‡πà‡∏≤‡πÄ‡∏Å‡∏¥‡∏î overflow ‡∏£‡∏∂‡∏¢‡∏±‡∏á ‡∏ñ‡πâ‡∏≤‡∏¢‡∏±‡∏á‡πÉ‡∏´‡πâ‡∏•‡∏π‡∏õ‡∏à‡∏
             -ô‡∏Å‡∏ß‡πà‡∏≤‡∏à‡∏∞‡πÄ‡∏Å‡∏¥‡∏î overflow
  19   3          }
  20   2          TF0 = 0; // clear timer flag
  21   2          TR0 = 0; // ‡∏õ‡∏¥‡∏î‡∏Å‡∏≤‡∏£‡πÉ‡∏ä‡πâ‡∏á‡∏≤‡∏ô timer 0
  22   2          P2 = 0x01; // ‡πÄ‡∏ã‡πá‡∏ï port P2 ‡πÉ‡∏´‡πâ‡πÄ‡∏ó‡πà‡∏≤‡∏Å‡∏±‡∏ö 00000001
  23   2          delay(500000); // ‡∏ï‡∏±‡πâ‡∏á‡∏Ñ‡πà‡∏≤ delay
  24   2          P2 = 0x00; // ‡πÄ‡∏ã‡πá‡∏ï port P2 ‡πÉ‡∏´‡πâ‡πÄ‡∏ó‡πà‡∏≤‡∏Å‡∏±‡∏ö 0 ‡∏ó‡∏∏‡∏Å‡∏ö‡∏¥‡∏ï
  25   2          delay(500000); // ‡∏ï‡∏±‡πâ‡∏á‡∏Ñ‡πà‡∏≤ delay
  26   2        }
  27   1      }
  28          
  29          void delay(unsigned long i){ // ‡∏ü‡∏±‡∏á‡∏Å‡πå‡∏ä‡∏±‡∏ô delay
  30   1        while (i>0){ // ‡∏ß‡∏ô‡∏•‡∏π‡∏õ‡∏à‡∏ô‡∏Å‡∏ß‡πà‡∏≤‡∏Ñ‡πà‡∏≤ i ‡∏à‡∏∞‡πÄ‡∏ó‡πà‡∏≤‡∏Å‡∏±‡∏ö 0
  31   2          i--; // ‡∏•‡∏î‡∏Ñ‡πà‡∏≤ i ‡∏•‡∏á 1
  32   2        }
  33   1        return ; // ‡πÑ‡∏°‡πà return ‡∏Ñ‡πà‡∏≤‡∏≠‡∏∞‡πÑ‡∏£‡∏Å‡∏•‡∏±‡∏ö‡πÑ‡∏õ
  34   1      }


MODULE INFORMATION:   STATIC OVERLAYABLE
   CODE SIZE        =    103    ----
   CONSTANT SIZE    =   ----    ----
   XDATA SIZE       =   ----    ----
   PDATA SIZE       =   ----    ----
   DATA SIZE        =   ----       4
   IDATA SIZE       =   ----    ----
   BIT SIZE         =   ----    ----
END OF MODULE INFORMATION.


C51 COMPILATION COMPLETE.  0 WARNING(S),  0 ERROR(S)
